<?xml version="1.0" encoding="UTF-8"?>
<testng-results ignored="0" total="4" passed="4" failed="0" skipped="0">
  <reporter-output>
  </reporter-output>
  <suite started-at="2022-08-17T15:14:46 WIB" name="Default suite" finished-at="2022-08-17T15:14:49 WIB" duration-ms="3082">
    <groups>
      <group name="cucumber">
        <method signature="AbstractTestNGCucumberTests.runScenario(io.cucumber.testng.PickleWrapper, io.cucumber.testng.FeatureWrapper)[pri:0, instance:runners.PalindromeRunner@2e55dd0c]" name="runScenario" class="io.cucumber.testng.AbstractTestNGCucumberTests"/>
      </group> <!-- cucumber -->
    </groups>
    <test started-at="2022-08-17T15:14:46 WIB" name="Default test" finished-at="2022-08-17T15:14:49 WIB" duration-ms="3082">
      <class name="runners.PalindromeRunner">
        <test-method is-config="true" signature="setUpClass()[pri:0, instance:runners.PalindromeRunner@2e55dd0c]" started-at="2022-08-17T15:14:46 WIB" name="setUpClass" finished-at="2022-08-17T15:14:47 WIB" duration-ms="1554" status="PASS">
          <reporter-output>
          </reporter-output>
        </test-method> <!-- setUpClass -->
        <test-method signature="runScenario(io.cucumber.testng.PickleWrapper, io.cucumber.testng.FeatureWrapper)[pri:0, instance:runners.PalindromeRunner@2e55dd0c]" started-at="2022-08-17T15:14:47 WIB" name="runScenario" description="Runs Cucumber Scenarios" data-provider="scenarios" finished-at="2022-08-17T15:14:48 WIB" duration-ms="553" status="PASS">
          <params>
            <param index="0">
              <value>
                <![CDATA["Periksa string palindrome"]]>
              </value>
            </param>
            <param index="1">
              <value>
                <![CDATA["Check string palindrome"]]>
              </value>
            </param>
          </params>
          <reporter-output>
          </reporter-output>
        </test-method> <!-- runScenario -->
        <test-method signature="runScenario(io.cucumber.testng.PickleWrapper, io.cucumber.testng.FeatureWrapper)[pri:0, instance:runners.PalindromeRunner@2e55dd0c]" started-at="2022-08-17T15:14:48 WIB" name="runScenario" description="Runs Cucumber Scenarios" data-provider="scenarios" finished-at="2022-08-17T15:14:48 WIB" duration-ms="55" status="PASS">
          <params>
            <param index="0">
              <value>
                <![CDATA["Periksa string palindrome"]]>
              </value>
            </param>
            <param index="1">
              <value>
                <![CDATA["Check string palindrome"]]>
              </value>
            </param>
          </params>
          <reporter-output>
          </reporter-output>
        </test-method> <!-- runScenario -->
        <test-method signature="runScenario(io.cucumber.testng.PickleWrapper, io.cucumber.testng.FeatureWrapper)[pri:0, instance:runners.PalindromeRunner@2e55dd0c]" started-at="2022-08-17T15:14:48 WIB" name="runScenario" description="Runs Cucumber Scenarios" data-provider="scenarios" finished-at="2022-08-17T15:14:48 WIB" duration-ms="29" status="PASS">
          <params>
            <param index="0">
              <value>
                <![CDATA["Periksa string palindrome"]]>
              </value>
            </param>
            <param index="1">
              <value>
                <![CDATA["Check string palindrome"]]>
              </value>
            </param>
          </params>
          <reporter-output>
          </reporter-output>
        </test-method> <!-- runScenario -->
        <test-method signature="runScenario(io.cucumber.testng.PickleWrapper, io.cucumber.testng.FeatureWrapper)[pri:0, instance:runners.PalindromeRunner@2e55dd0c]" started-at="2022-08-17T15:14:48 WIB" name="runScenario" description="Runs Cucumber Scenarios" data-provider="scenarios" finished-at="2022-08-17T15:14:48 WIB" duration-ms="17" status="PASS">
          <params>
            <param index="0">
              <value>
                <![CDATA["Periksa string palindrome"]]>
              </value>
            </param>
            <param index="1">
              <value>
                <![CDATA["Check string palindrome"]]>
              </value>
            </param>
          </params>
          <reporter-output>
          </reporter-output>
        </test-method> <!-- runScenario -->
        <test-method is-config="true" signature="tearDownClass()[pri:0, instance:runners.PalindromeRunner@2e55dd0c]" started-at="2022-08-17T15:14:48 WIB" name="tearDownClass" finished-at="2022-08-17T15:14:49 WIB" duration-ms="670" status="PASS">
          <reporter-output>
          </reporter-output>
        </test-method> <!-- tearDownClass -->
      </class> <!-- runners.PalindromeRunner -->
    </test> <!-- Default test -->
  </suite> <!-- Default suite -->
</testng-results>
