<?xml version="1.0" encoding="UTF-8"?>
<testng-results ignored="0" total="1" passed="1" failed="0" skipped="0">
  <reporter-output>
  </reporter-output>
  <suite started-at="2022-08-17T16:34:08 WIB" name="Default suite" finished-at="2022-08-17T16:34:33 WIB" duration-ms="25745">
    <groups>
    </groups>
    <test started-at="2022-08-17T16:34:08 WIB" name="Default test" finished-at="2022-08-17T16:34:33 WIB" duration-ms="25745">
      <class name="tokopediaTest.TokopediaTest">
        <test-method is-config="true" signature="setup()[pri:0, instance:tokopediaTest.TokopediaTest@152aa092]" started-at="2022-08-17T16:33:19 WIB" name="setup" finished-at="2022-08-17T16:34:08 WIB" duration-ms="48056" status="PASS">
          <reporter-output>
          </reporter-output>
        </test-method> <!-- setup -->
        <test-method signature="scrollTest()[pri:0, instance:tokopediaTest.TokopediaTest@152aa092]" started-at="2022-08-17T16:34:08 WIB" name="scrollTest" finished-at="2022-08-17T16:34:33 WIB" duration-ms="25549" status="PASS">
          <reporter-output>
          </reporter-output>
        </test-method> <!-- scrollTest -->
        <test-method is-config="true" signature="close()[pri:0, instance:tokopediaTest.TokopediaTest@152aa092]" started-at="2022-08-17T16:34:34 WIB" name="close" finished-at="2022-08-17T16:34:39 WIB" duration-ms="5427" status="PASS">
          <reporter-output>
          </reporter-output>
        </test-method> <!-- close -->
      </class> <!-- tokopediaTest.TokopediaTest -->
    </test> <!-- Default test -->
  </suite> <!-- Default suite -->
</testng-results>
